Arguments: 
  /usr/local/bin/node /usr/local/lib/node_modules/yarn/bin/yarn.js config list --json

PATH: 
  /home/pvesin/bin:/usr/local/sbin:/usr/local/bin:/usr/sbin:/usr/bin:/sbin:/bin:/usr/games:/usr/local/games:/snap/bin

Yarn version: 
  1.22.10

Node version: 
  12.18.0

Platform: 
  linux x64

Trace: 
  SyntaxError: /home/pvesin/Workspaces/site/sylius/vendor/asdoria/sylius-product-document-plugin/package.json: Unexpected token } in JSON at position 436
      at JSON.parse (<anonymous>)
      at /usr/local/lib/node_modules/yarn/lib/cli.js:1625:59
      at Generator.next (<anonymous>)
      at step (/usr/local/lib/node_modules/yarn/lib/cli.js:310:30)
      at /usr/local/lib/node_modules/yarn/lib/cli.js:321:13

npm manifest: 
  {
    "name": "product-document-bundle",
    "version": "1.0.0",
    "description": "",
    "browserslist": [
      "last 2 version",
      "not Explorer 11",
      "not ExplorerMobile 11",
      "not dead"
    ],
    "scripts": {
      "encore.dev": "encore dev",
      "encore.prod": "encore production",
      "encore.watch": "encore dev --watch"
    },
    "keywords": [],
    "author": "",
    "license": "ISC",
    "dependencies": {
      "pdfjs-dist": "^2.12.313",
    },
    "devDependencies": {
      "@babel/preset-env": "^7.10.3",
      "@babel/runtime": "^7.13.10",
      "@babel/runtime-corejs2": "^7.13.10",
      "@symfony/webpack-encore": "^0.33.0",
      "postcss": "^8.2.9",
      "postcss-loader": "^5.2.0",
      "sass": "^1.32.8",
      "sass-loader": "^11.0.1"
    }
  }

yarn manifest: 
  No manifest

Lockfile: 
  No lockfile
